\BOOKMARK [1][-]{section.1}{Kontrollstrukturen}{}% 1
\BOOKMARK [2][-]{subsection.1.1}{Rekursion}{section.1}% 2
\BOOKMARK [3][-]{subsubsection.1.1.1}{Idee}{subsection.1.1}% 3
\BOOKMARK [3][-]{subsubsection.1.1.2}{Backtracking}{subsection.1.1}% 4
\BOOKMARK [1][-]{section.2}{Kodierung}{}% 5
\BOOKMARK [2][-]{subsection.2.1}{Eindeutige Decodierbarkeit}{section.2}% 6
\BOOKMARK [2][-]{subsection.2.2}{Block- Code}{section.2}% 7
\BOOKMARK [2][-]{subsection.2.3}{Pr\344fix- Code}{section.2}% 8
\BOOKMARK [2][-]{subsection.2.4}{Datenkompression mit Huffman- Algorithmus}{section.2}% 9
\BOOKMARK [1][-]{section.3}{Datenstrukturen}{}% 10
\BOOKMARK [2][-]{subsection.3.1}{Array}{section.3}% 11
\BOOKMARK [2][-]{subsection.3.2}{Liste}{section.3}% 12
\BOOKMARK [2][-]{subsection.3.3}{Stack}{section.3}% 13
\BOOKMARK [2][-]{subsection.3.4}{Queue}{section.3}% 14
\BOOKMARK [2][-]{subsection.3.5}{Graphen}{section.3}% 15
\BOOKMARK [3][-]{subsubsection.3.5.1}{Weg}{subsection.3.5}% 16
\BOOKMARK [3][-]{subsubsection.3.5.2}{Kantenbewertungen}{subsection.3.5}% 17
\BOOKMARK [3][-]{subsubsection.3.5.3}{L\344nge eines Weges}{subsection.3.5}% 18
\BOOKMARK [3][-]{subsubsection.3.5.4}{K\374rzester Weg von Knoten i zu Knoten j}{subsection.3.5}% 19
\BOOKMARK [3][-]{subsubsection.3.5.5}{Gerichtete \(Di-\) Graphen}{subsection.3.5}% 20
\BOOKMARK [4][-]{section*.5}{Zykel}{subsubsection.3.5.5}% 21
\BOOKMARK [3][-]{subsubsection.3.5.6}{Datenstrukturen f\374r Digraphen}{subsection.3.5}% 22
\BOOKMARK [4][-]{section*.6}{Adjazenzliste}{subsubsection.3.5.6}% 23
\BOOKMARK [4][-]{section*.7}{Adjazenzmatrix}{subsubsection.3.5.6}% 24
\BOOKMARK [4][-]{section*.8}{Entfernungsmatrix}{subsubsection.3.5.6}% 25
\BOOKMARK [3][-]{subsubsection.3.5.7}{Bellman- Gleichungen}{subsection.3.5}% 26
\BOOKMARK [2][-]{subsection.3.6}{B\344ume}{section.3}% 27
\BOOKMARK [3][-]{subsubsection.3.6.1}{voller bin\344rer Baum:}{subsection.3.6}% 28
\BOOKMARK [2][-]{subsection.3.7}{Suchb\344ume}{section.3}% 29
\BOOKMARK [3][-]{subsubsection.3.7.1}{Suchen}{subsection.3.7}% 30
\BOOKMARK [3][-]{subsubsection.3.7.2}{Einf\374gen}{subsection.3.7}% 31
\BOOKMARK [3][-]{subsubsection.3.7.3}{L\366schen}{subsection.3.7}% 32
\BOOKMARK [3][-]{subsubsection.3.7.4}{Rotation}{subsection.3.7}% 33
\BOOKMARK [3][-]{subsubsection.3.7.5}{AVL- B\344ume}{subsection.3.7}% 34
\BOOKMARK [4][-]{section*.15}{Definition Balance}{subsubsection.3.7.5}% 35
\BOOKMARK [4][-]{section*.16}{Definition AVL- Baum}{subsubsection.3.7.5}% 36
\BOOKMARK [4][-]{section*.17}{Idee des Beweises}{subsubsection.3.7.5}% 37
\BOOKMARK [4][-]{section*.23}{Rotationslemma f\374r AVL- B\344ume}{subsubsection.3.7.5}% 38
\BOOKMARK [4][-]{section*.24}{Implementation der Basis- Operationen in AVL- B\344umen}{subsubsection.3.7.5}% 39
\BOOKMARK [3][-]{subsubsection.3.7.6}{Optimale statische Suchb\344ume}{subsection.3.7}% 40
\BOOKMARK [4][-]{section*.28}{Ziel:}{subsubsection.3.7.6}% 41
\BOOKMARK [4][-]{section*.29}{Struktur von optimalen Suchb\344umen}{subsubsection.3.7.6}% 42
\BOOKMARK [4][-]{section*.30}{Aufwand:}{subsubsection.3.7.6}% 43
\BOOKMARK [2][-]{subsection.3.8}{Priority Queue}{section.3}% 44
\BOOKMARK [2][-]{subsection.3.9}{Heap}{section.3}% 45
\BOOKMARK [3][-]{subsubsection.3.9.1}{Definition: Array als Heap}{subsection.3.9}% 46
\BOOKMARK [1][-]{section.4}{Funktionen auf Datenstrukturen}{}% 47
\BOOKMARK [2][-]{subsection.4.1}{auf Graphen}{section.4}% 48
\BOOKMARK [3][-]{subsubsection.4.1.1}{Bellman- Ford- Algorithmus}{subsection.4.1}% 49
\BOOKMARK [3][-]{subsubsection.4.1.2}{Ermittlung negativer Zykel}{subsection.4.1}% 50
\BOOKMARK [3][-]{subsubsection.4.1.3}{Floyd- Warshall- Algorithmus}{subsection.4.1}% 51
\BOOKMARK [4][-]{section*.35}{Pseudocode}{subsubsection.4.1.3}% 52
\BOOKMARK [4][-]{section*.36}{Tree- Matrix}{subsubsection.4.1.3}% 53
\BOOKMARK [4][-]{section*.37}{Adjazenzlisten}{subsubsection.4.1.3}% 54
\BOOKMARK [3][-]{subsubsection.4.1.4}{Tiefensuche im Graphen}{subsection.4.1}% 55
\BOOKMARK [3][-]{subsubsection.4.1.5}{Breitensuche}{subsection.4.1}% 56
\BOOKMARK [2][-]{subsection.4.2}{Suchalgorithmen auf linearen Datenstrukturen}{section.4}% 57
\BOOKMARK [3][-]{subsubsection.4.2.1}{Sequentielle Suche}{subsection.4.2}% 58
\BOOKMARK [3][-]{subsubsection.4.2.2}{Bin\344re Suche}{subsection.4.2}% 59
\BOOKMARK [2][-]{subsection.4.3}{Sortieralgorithmen}{section.4}% 60
\BOOKMARK [3][-]{subsubsection.4.3.1}{Bubble Sort}{subsection.4.3}% 61
\BOOKMARK [3][-]{subsubsection.4.3.2}{SelectionSort}{subsection.4.3}% 62
\BOOKMARK [3][-]{subsubsection.4.3.3}{InsertionSort}{subsection.4.3}% 63
\BOOKMARK [3][-]{subsubsection.4.3.4}{MergeSort}{subsection.4.3}% 64
\BOOKMARK [3][-]{subsubsection.4.3.5}{QuickSort}{subsection.4.3}% 65
\BOOKMARK [3][-]{subsubsection.4.3.6}{HeapSort}{subsection.4.3}% 66
\BOOKMARK [4][-]{section*.38}{Algorithmus zur Herstellung der Heap- Eigenschaft}{subsubsection.4.3.6}% 67
\BOOKMARK [4][-]{section*.39}{Der eigentliche Sortiervorgang}{subsubsection.4.3.6}% 68
\BOOKMARK [3][-]{subsubsection.4.3.7}{Untere Komplexit\344tsschranken f\374r das Sortieren}{subsection.4.3}% 69
\BOOKMARK [3][-]{subsubsection.4.3.8}{BucketSort}{subsection.4.3}% 70
\BOOKMARK [4][-]{section*.40}{Aufwand:}{subsubsection.4.3.8}% 71
\BOOKMARK [2][-]{subsection.4.4}{Hashing}{section.4}% 72
\BOOKMARK [3][-]{subsubsection.4.4.1}{Grundidee}{subsection.4.4}% 73
\BOOKMARK [3][-]{subsubsection.4.4.2}{Kriterium f\374r eine gute Hash- Funktion}{subsection.4.4}% 74
\BOOKMARK [3][-]{subsubsection.4.4.3}{Methoden zum Erzeugen einer Hashfunktion}{subsection.4.4}% 75
\BOOKMARK [4][-]{section*.42}{Divisionsmethode}{subsubsection.4.4.3}% 76
\BOOKMARK [4][-]{section*.44}{Multiplikationsmethode}{subsubsection.4.4.3}% 77
\BOOKMARK [3][-]{subsubsection.4.4.4}{Umgang mit Kollisionen}{subsection.4.4}% 78
\BOOKMARK [4][-]{section*.46}{Hashing mit \334berlauf \(\214chaining\215\)}{subsubsection.4.4.4}% 79
\BOOKMARK [4][-]{section*.52}{Hashing mit Ersatzadresse \(\214open addressing\215\)}{subsubsection.4.4.4}% 80
\BOOKMARK [4][-]{section*.61}{Perfektes Hashing:}{subsubsection.4.4.4}% 81
\BOOKMARK [1][-]{section.5}{Berechenbarkeit und Komplexit\344t}{}% 82
\BOOKMARK [2][-]{subsection.5.1}{Computer}{section.5}% 83
\BOOKMARK [3][-]{subsubsection.5.1.1}{Grundidee}{subsection.5.1}% 84
\BOOKMARK [3][-]{subsubsection.5.1.2}{Turing- Maschine}{subsection.5.1}% 85
\BOOKMARK [4][-]{section*.63}{Mehrspur- Turing- Maschinen}{subsubsection.5.1.2}% 86
\BOOKMARK [4][-]{section*.64}{Mehrband- Turing- Maschinen}{subsubsection.5.1.2}% 87
\BOOKMARK [4][-]{section*.65}{Universelle Turing- Maschine}{subsubsection.5.1.2}% 88
\BOOKMARK [2][-]{subsection.5.2}{Problem}{section.5}% 89
\BOOKMARK [3][-]{subsubsection.5.2.1}{Spezialfall Funktion}{subsection.5.2}% 90
\BOOKMARK [3][-]{subsubsection.5.2.2}{Entscheidungsprobleme}{subsection.5.2}% 91
\BOOKMARK [4][-]{section*.71}{zugeh\366rige Sprache}{subsubsection.5.2.2}% 92
\BOOKMARK [3][-]{subsubsection.5.2.3}{Es gibt unl\366sbare Probleme}{subsection.5.2}% 93
\BOOKMARK [2][-]{subsection.5.3}{Berechenbarkeit}{section.5}% 94
\BOOKMARK [3][-]{section*.72}{Definitionen}{subsection.5.3}% 95
\BOOKMARK [3][-]{subsubsection.5.3.1}{Unentscheidbare Probleme}{subsection.5.3}% 96
\BOOKMARK [4][-]{section*.73}{Die Diagonalsprache}{subsubsection.5.3.1}% 97
\BOOKMARK [4][-]{section*.79}{Das Halteproblem}{subsubsection.5.3.1}% 98
\BOOKMARK [4][-]{section*.83}{Das spezielle Halteproblem}{subsubsection.5.3.1}% 99
\BOOKMARK [4][-]{section*.88}{Die universelle Sprache}{subsubsection.5.3.1}% 100
\BOOKMARK [4][-]{section*.94}{Satz von Rice}{subsubsection.5.3.1}% 101
\BOOKMARK [2][-]{subsection.5.4}{Der G\366del'sche Unvollst\344ndigkeitssatz}{section.5}% 102
\BOOKMARK [3][-]{subsubsection.5.4.1}{Satz von Church}{subsection.5.4}% 103
\BOOKMARK [4][-]{section*.98}{Definition Sprache der wahren S\344tze}{subsubsection.5.4.1}% 104
\BOOKMARK [4][-]{section*.99}{Satz von Church}{subsubsection.5.4.1}% 105
\BOOKMARK [3][-]{subsubsection.5.4.2}{Annahmen \374ber Beweise}{subsection.5.4}% 106
\BOOKMARK [4][-]{section*.101}{Satz}{subsubsection.5.4.2}% 107
\BOOKMARK [4][-]{section*.102}{Beweis}{subsubsection.5.4.2}% 108
\BOOKMARK [3][-]{subsubsection.5.4.3}{G\366del'scher Unvolsst\344ndigkeitssatz}{subsection.5.4}% 109
\BOOKMARK [4][-]{section*.103}{Satz}{subsubsection.5.4.3}% 110
\BOOKMARK [4][-]{section*.104}{Beweis}{subsubsection.5.4.3}% 111
\BOOKMARK [2][-]{subsection.5.5}{Komplexit\344tsklasse P und NP- Vollst\344ndigkeit}{section.5}% 112
\BOOKMARK [3][-]{subsubsection.5.5.1}{Definitionen}{subsection.5.5}% 113
\BOOKMARK [3][-]{subsubsection.5.5.2}{Ist ein Problem effizient l\366sbar?}{subsection.5.5}% 114
\BOOKMARK [4][-]{section*.108}{Das Cliquenproblem}{subsubsection.5.5.2}% 115
\BOOKMARK [3][-]{subsubsection.5.5.3}{Komplexit\344tsklasse NP}{subsection.5.5}% 116
\BOOKMARK [3][-]{subsubsection.5.5.4}{Nichtdeterministische Turing- Maschine}{subsection.5.5}% 117
\BOOKMARK [4][-]{section*.113}{Definition Nichtdeterministische TM}{subsubsection.5.5.4}% 118
\BOOKMARK [3][-]{subsubsection.5.5.5}{Komplexit\344tsklasse NP}{subsection.5.5}% 119
\BOOKMARK [4][-]{section*.117}{Definition}{subsubsection.5.5.5}% 120
\BOOKMARK [4][-]{section*.120}{Satz}{subsubsection.5.5.5}% 121
\BOOKMARK [4][-]{section*.125}{NP- Vollst\344ndigkeit}{subsubsection.5.5.5}% 122
\BOOKMARK [4][-]{section*.134}{Satisfiability Problem \(SAT\)}{subsubsection.5.5.5}% 123
\BOOKMARK [1][-]{section.6}{Anhang}{}% 124
\BOOKMARK [2][-]{subsection.6.1}{Grundbegriffe}{section.6}% 125
\BOOKMARK [2][-]{subsection.6.2}{Pseudocode}{section.6}% 126
\BOOKMARK [2][-]{subsection.6.3}{Beweis der Richtigkeit von Algorithmen}{section.6}% 127
\BOOKMARK [3][-]{subsubsection.6.3.1}{Terminologie}{subsection.6.3}% 128
\BOOKMARK [4][-]{section*.153}{partielle Korrektheit}{subsubsection.6.3.1}% 129
\BOOKMARK [4][-]{section*.154}{Terminieren}{subsubsection.6.3.1}% 130
\BOOKMARK [4][-]{section*.155}{totale Korrektheit}{subsubsection.6.3.1}% 131
\BOOKMARK [3][-]{subsubsection.6.3.2}{Schleifeninvariante}{subsection.6.3}% 132
\BOOKMARK [3][-]{subsubsection.6.3.3}{Widerspruchsbeweis}{subsection.6.3}% 133
\BOOKMARK [2][-]{subsection.6.4}{Laufzeitanalyse}{section.6}% 134
\BOOKMARK [3][-]{subsubsection.6.4.1}{Asymptotische Notation}{subsection.6.4}% 135
\BOOKMARK [3][-]{subsubsection.6.4.2}{Unterscheidung von Gr\366\337enordnungen}{subsection.6.4}% 136
\BOOKMARK [3][-]{subsubsection.6.4.3}{untere Schranken}{subsection.6.4}% 137
\BOOKMARK [2][-]{subsection.6.5}{Begriffe der Wahrscheinlichkeitstheorie}{section.6}% 138
\BOOKMARK [3][-]{section*.159}{\(Endlicher Fall\)}{subsection.6.5}% 139
\BOOKMARK [4][-]{section*.160}{Abz\344hlbar unendlicher Fall}{section*.159}% 140
\BOOKMARK [2][-]{subsection.6.6}{Optimalit\344tsbeweis des Huffman- Algorithmus'}{section.6}% 141
\BOOKMARK [2][-]{subsection.6.7}{Zu BucketSort}{section.6}% 142
\BOOKMARK [3][-]{subsubsection.6.7.1}{Beweis der Korrektheit von BucketSort}{subsection.6.7}% 143
\BOOKMARK [4][-]{section*.161}{Induktionsanfang}{subsubsection.6.7.1}% 144
\BOOKMARK [4][-]{section*.162}{Induktionsschluss}{subsubsection.6.7.1}% 145
\BOOKMARK [3][-]{subsubsection.6.7.2}{Erweiterung von BucketSort zum Sortieren von Strings}{subsection.6.7}% 146
\BOOKMARK [4][-]{section*.163}{Definition}{subsubsection.6.7.2}% 147
\BOOKMARK [4][-]{section*.164}{Der Algorithmus}{subsubsection.6.7.2}% 148
\BOOKMARK [4][-]{section*.165}{Beweis der Korrektheit}{subsubsection.6.7.2}% 149
\BOOKMARK [4][-]{section*.167}{Aufwand}{subsubsection.6.7.2}% 150
\BOOKMARK [4][-]{section*.168}{Umsetzung}{subsubsection.6.7.2}% 151
\BOOKMARK [2][-]{subsection.6.8}{Schlussfolgerungen \374ber die Berechenbarkeiten \214verwandter\215Sprachen}{section.6}% 152
\BOOKMARK [2][-]{subsection.6.9}{Zum G\366del'schen Unvollst\344ndigkeitssatz}{section.6}% 153
\BOOKMARK [3][-]{subsubsection.6.9.1}{Mathematische Ausdr\374cke \(S\344tze\)}{subsection.6.9}% 154
\BOOKMARK [3][-]{subsubsection.6.9.2}{Hilberts Programm}{subsection.6.9}% 155
\BOOKMARK [2][-]{subsection.6.10}{Sonstiges}{section.6}% 156
